#
# There is insufficient memory for the Java Runtime Environment to continue.
# Native memory allocation (mmap) failed to map 104861696 bytes for committing reserved memory.
# Possible reasons:
#   The system is out of physical RAM or swap space
#   The process is running with CompressedOops enabled, and the Java Heap may be blocking the growth of the native heap
# Possible solutions:
#   Reduce memory load on the system
#   Increase physical memory or swap space
#   Check if swap backing store is full
#   Decrease Java heap size (-Xmx/-Xms)
#   Decrease number of Java threads
#   Decrease Java thread stack sizes (-Xss)
#   Set larger code cache with -XX:ReservedCodeCacheSize=
#   JVM is running with Unscaled Compressed Oops mode in which the Java heap is
#     placed in the first 4GB address space. The Java Heap base address is the
#     maximum limit for the native heap growth. Please use -XX:HeapBaseMinAddress
#     to set the Java Heap base and to place the Java Heap above 4GB virtual address.
# This output file may be truncated or incomplete.
#
#  Out of Memory Error (os_linux.cpp:2893), pid=84276, tid=84306
#
# JRE version: OpenJDK Runtime Environment (11.0.4+11) (build 11.0.4+11-post-Ubuntu-1ubuntu218.04.3)
# Java VM: OpenJDK 64-Bit Server VM (11.0.4+11-post-Ubuntu-1ubuntu218.04.3, mixed mode, sharing, tiered, compressed oops, serial gc, linux-amd64)
# Core dump will be written. Default location: Core dumps may be processed with "/usr/share/apport/apport %p %s %c %d %P" (or dumping to /home/nets212/git/Recommender/core.84276)
#

---------------  S U M M A R Y ------------

Command Line: -Dproc_jar -Djava.net.preferIPv4Stack=true -Dyarn.log.dir=/usr/local/hadoop/logs -Dyarn.log.file=hadoop.log -Dyarn.home.dir=/usr/local/hadoop -Dyarn.root.logger=INFO,console -Djava.library.path=/usr/local/hadoop/lib/native -Dhadoop.log.dir=/usr/local/hadoop/logs -Dhadoop.log.file=hadoop.log -Dhadoop.home.dir=/usr/local/hadoop -Dhadoop.id.str=nets212 -Dhadoop.root.logger=INFO,console -Dhadoop.policy.file=hadoop-policy.xml -Dhadoop.security.logger=INFO,NullAppender -Xmx2048m org.apache.hadoop.util.RunJar Recommender.jar edu.upenn.nets212.hw3.RecommenderDriver composite input.txt out init init2 interm1 interm2 temp1 temp2 diff 1

Host: Intel(R) Core(TM) i5-7267U CPU @ 3.10GHz, 1 cores, 1G, Ubuntu 18.04.3 LTS
Time: Tue Dec 17 04:07:44 2019 EST elapsed time: 9 seconds (0d 0h 0m 9s)

---------------  T H R E A D  ---------------

Current thread (0x00007f7b4c04b000):  VMThread "VM Thread" [stack: 0x00007f7b504d2000,0x00007f7b505d2000] [id=84306]

Stack: [0x00007f7b504d2000,0x00007f7b505d2000],  sp=0x00007f7b505d0550,  free space=1017k
Native frames: (J=compiled Java code, A=aot compiled Java code, j=interpreted, Vv=VM code, C=native code)
V  [libjvm.so+0xde4547]
V  [libjvm.so+0xde519b]
V  [libjvm.so+0x6511a5]
V  [libjvm.so+0xbbebe2]
V  [libjvm.so+0xbb5bef]
V  [libjvm.so+0xddbd77]
V  [libjvm.so+0x517261]
V  [libjvm.so+0x517404]
V  [libjvm.so+0xd72a05]
V  [libjvm.so+0x7ad37d]
V  [libjvm.so+0x7b023f]
V  [libjvm.so+0xde652f]
V  [libjvm.so+0xdeeda8]
V  [libjvm.so+0xdec5e6]
V  [libjvm.so+0xdecaf0]
V  [libjvm.so+0xdecf23]
V  [libjvm.so+0xd7aeea]
V  [libjvm.so+0xbc4a5e]

VM_Operation (0x00007f7b2e673070): GenCollectForAllocation, mode: safepoint, requested by thread 0x00007f7b4cac7000


---------------  P R O C E S S  ---------------

Threads class SMR info:
_java_thread_list=0x000056165d2601f0, length=19, elements={
0x00007f7b4c016000, 0x00007f7b4c04e000, 0x00007f7b4c050000, 0x00007f7b4c056800,
0x00007f7b4c058800, 0x00007f7b4c05a800, 0x00007f7b4c05c800, 0x00007f7b4c0c8000,
0x00007f7b4c0cc800, 0x00007f7b4d0ee800, 0x00007f7b4d27d800, 0x00007f7b4d362000,
0x000056165d28c000, 0x00007f7b30395800, 0x00007f7b28021800, 0x00007f7b4c47f800,
0x00007f7b4cac4800, 0x00007f7b4cac7000, 0x000056165d27f000
}

Java Threads: ( => current thread )
  0x00007f7b4c016000 JavaThread "main" [_thread_blocked, id=84305, stack(0x00007f7b5540a000,0x00007f7b5550b000)]
  0x00007f7b4c04e000 JavaThread "Reference Handler" daemon [_thread_blocked, id=84307, stack(0x00007f7b503cf000,0x00007f7b504d0000)]
  0x00007f7b4c050000 JavaThread "Finalizer" daemon [_thread_blocked, id=84308, stack(0x00007f7b502ce000,0x00007f7b503cf000)]
  0x00007f7b4c056800 JavaThread "Signal Dispatcher" daemon [_thread_blocked, id=84309, stack(0x00007f7b501cd000,0x00007f7b502ce000)]
  0x00007f7b4c058800 JavaThread "C2 CompilerThread0" daemon [_thread_blocked, id=84310, stack(0x00007f7b500cc000,0x00007f7b501cd000)]
  0x00007f7b4c05a800 JavaThread "C1 CompilerThread0" daemon [_thread_blocked, id=84311, stack(0x00007f7b34577000,0x00007f7b34678000)]
  0x00007f7b4c05c800 JavaThread "Sweeper thread" daemon [_thread_blocked, id=84312, stack(0x00007f7b34476000,0x00007f7b34577000)]
  0x00007f7b4c0c8000 JavaThread "Service Thread" daemon [_thread_blocked, id=84313, stack(0x00007f7b34375000,0x00007f7b34476000)]
  0x00007f7b4c0cc800 JavaThread "Common-Cleaner" daemon [_thread_blocked, id=84315, stack(0x00007f7b34172000,0x00007f7b34273000)]
  0x00007f7b4d0ee800 JavaThread "process reaper" daemon [_thread_blocked, id=84317, stack(0x00007f7b50079000,0x00007f7b5009b000)]
  0x00007f7b4d27d800 JavaThread "org.apache.hadoop.fs.FileSystem$Statistics$StatisticsDataReferenceCleaner" daemon [_thread_blocked, id=84319, stack(0x00007f7b34071000,0x00007f7b34172000)]
  0x00007f7b4d362000 JavaThread "Timer for 'JobTracker' metrics system" daemon [_thread_blocked, id=84320, stack(0x00007f7b2eea6000,0x00007f7b2efa7000)]
  0x000056165d28c000 JavaThread "Readahead Thread #0" daemon [_thread_blocked, id=84337, stack(0x00007f7b2df6e000,0x00007f7b2e06f000)]
  0x00007f7b30395800 JavaThread "Readahead Thread #1" daemon [_thread_blocked, id=84338, stack(0x00007f7b2e271000,0x00007f7b2e372000)]
  0x00007f7b28021800 JavaThread "Readahead Thread #2" daemon [_thread_blocked, id=84355, stack(0x00007f7b2dd6c000,0x00007f7b2de6d000)]
  0x00007f7b4c47f800 JavaThread "Readahead Thread #3" daemon [_thread_blocked, id=84356, stack(0x00007f7b2e170000,0x00007f7b2e271000)]
  0x00007f7b4cac4800 JavaThread "Thread-27" [_thread_blocked, id=84372, stack(0x00007f7b2e976000,0x00007f7b2ea77000)]
  0x00007f7b4cac7000 JavaThread "LocalJobRunner Map Task Executor #0" [_thread_blocked, id=84377, stack(0x00007f7b2e574000,0x00007f7b2e675000)]
  0x000056165d27f000 JavaThread "communication thread" daemon [_thread_blocked, id=84378, stack(0x00007f7b2e675000,0x00007f7b2e776000)]

Other Threads:
=>0x00007f7b4c04b000 VMThread "VM Thread" [stack: 0x00007f7b504d2000,0x00007f7b505d2000] [id=84306]
  0x00007f7b4c0ca000 WatcherThread [stack: 0x00007f7b34275000,0x00007f7b34375000] [id=84314]

Threads with active compile tasks:
C2 CompilerThread02727   !   4       com.sun.org.apache.xml.internal.serializer.ToStream::endElement (293 bytes)

VM state:at safepoint (normal execution)

VM Mutex/Monitor currently owned by a thread:  ([mutex/lock_event])
[0x00007f7b4c0125c0] Threads_lock - owner thread: 0x00007f7b4c04b000
[0x00007f7b4c012d10] Heap_lock - owner thread: 0x00007f7b4cac7000

Heap address: 0x0000000080000000, size: 2048 MB, Compressed Oops mode: 32-bit
Narrow klass base: 0x0000000800000000, Narrow klass shift: 3
Compressed class space size: 1073741824 Address: 0x0000000840000000

Heap:
 def new generation   total 41536K, used 0K [0x0000000080000000, 0x0000000082d10000, 0x00000000aaaa0000)
  eden space 36928K,   0% used [0x0000000080000000, 0x0000000080000000, 0x0000000082410000)
  from space 4608K,   0% used [0x0000000082410000, 0x0000000082410000, 0x0000000082890000)
  to   space 4608K,   0% used [0x0000000082890000, 0x0000000082890000, 0x0000000082d10000)
 tenured generation   total 92200K, used 14777K [0x00000000aaaa0000, 0x00000000b04aa000, 0x0000000100000000)
   the space 92200K,  16% used [0x00000000aaaa0000, 0x00000000ab90e500, 0x00000000ab90e600, 0x00000000b04aa000)
 Metaspace       used 17851K, capacity 18399K, committed 18688K, reserved 1064960K
  class space    used 2009K, capacity 2205K, committed 2304K, reserved 1048576K

Card table byte_map: [0x00007f7b510fe000,0x00007f7b514ff000] _byte_map_base: 0x00007f7b50cfe000

Polling page: 0x00007f7b55522000

Metaspace:

Usage:
  Non-class:     15.81 MB capacity,    15.47 MB ( 98%) used,   300.40 KB (  2%) free+waste,    51.38 KB ( <1%) overhead. 
      Class:      2.15 MB capacity,     1.96 MB ( 91%) used,   169.76 KB (  8%) free+waste,    25.75 KB (  1%) overhead. 
       Both:     17.97 MB capacity,    17.43 MB ( 97%) used,   470.16 KB (  3%) free+waste,    77.12 KB ( <1%) overhead. 

Virtual space:
  Non-class space:       16.00 MB reserved,      16.00 MB (100%) committed 
      Class space:        1.00 GB reserved,       2.25 MB ( <1%) committed 
             Both:        1.02 GB reserved,      18.25 MB (  2%) committed 

Chunk freelists:
   Non-Class:  102.00 KB
       Class:  3.00 KB
        Both:  105.00 KB

CodeHeap 'non-profiled nmethods': size=120036Kb used=1218Kb max_used=1218Kb free=118817Kb
 bounds [0x00007f7b3c41d000, 0x00007f7b3c68d000, 0x00007f7b43956000]
CodeHeap 'profiled nmethods': size=120032Kb used=5522Kb max_used=5522Kb free=114509Kb
 bounds [0x00007f7b34ee5000, 0x00007f7b35455000, 0x00007f7b3c41d000]
CodeHeap 'non-nmethods': size=5692Kb used=1230Kb max_used=1248Kb free=4461Kb
 bounds [0x00007f7b34956000, 0x00007f7b34bc6000, 0x00007f7b34ee5000]
 total_blobs=3947 nmethods=2705 adapters=511
 compilation: enabled
              stopped_count=0, restarted_count=0
 full_count=0

Compilation events (10 events):
Event: 8.990 Thread 0x00007f7b4c05a800 2736       2       java.text.NumberFormat::format (19 bytes)
Event: 8.990 Thread 0x00007f7b4c05a800 nmethod 2736 0x00007f7b35446390 code [0x00007f7b35446560, 0x00007f7b354467c8]
Event: 8.990 Thread 0x00007f7b4c05a800 2737       2       java.text.DecimalFormat::format (24 bytes)
Event: 8.990 Thread 0x00007f7b4c05a800 nmethod 2737 0x00007f7b35446910 code [0x00007f7b35446ae0, 0x00007f7b35446cd8]
Event: 8.993 Thread 0x00007f7b4c05a800 2738       2       java.security.AccessControlContext::getDebug (32 bytes)
Event: 9.014 Thread 0x00007f7b4c05a800 nmethod 2738 0x00007f7b35446e10 code [0x00007f7b35446fe0, 0x00007f7b354472a8]
Event: 9.014 Thread 0x00007f7b4c05a800 2739   !   2       javax.security.auth.SubjectDomainCombiner::combine (586 bytes)
Event: 9.017 Thread 0x00007f7b4c05a800 nmethod 2739 0x00007f7b35447390 code [0x00007f7b35447660, 0x00007f7b35448658]
Event: 9.017 Thread 0x00007f7b4c05a800 2740   !   2       java.util.Collections$SynchronizedSet::equals (32 bytes)
Event: 9.017 Thread 0x00007f7b4c05a800 nmethod 2740 0x00007f7b35449290 code [0x00007f7b35449460, 0x00007f7b354497e8]

GC Heap History (10 events):
Event: 6.153 GC heap before
{Heap before GC invocations=13 (full 1):
 def new generation   total 11584K, used 10733K [0x0000000080000000, 0x0000000080c90000, 0x00000000aaaa0000)
  eden space 10304K, 100% used [0x0000000080000000, 0x0000000080a10000, 0x0000000080a10000)
  from space 1280K,  33% used [0x0000000080b50000, 0x0000000080bbb540, 0x0000000080c90000)
  to   space 1280K,   0% used [0x0000000080a10000, 0x0000000080a10000, 0x0000000080b50000)
 tenured generation   total 128020K, used 117769K [0x00000000aaaa0000, 0x00000000b27a5000, 0x0000000100000000)
   the space 128020K,  91% used [0x00000000aaaa0000, 0x00000000b1da2618, 0x00000000b1da2800, 0x00000000b27a5000)
 Metaspace       used 17558K, capacity 18112K, committed 18432K, reserved 1064960K
  class space    used 2005K, capacity 2200K, committed 2304K, reserved 1048576K
}
Event: 6.156 GC heap after
{Heap after GC invocations=14 (full 1):
 def new generation   total 11584K, used 1280K [0x0000000080000000, 0x0000000080c90000, 0x00000000aaaa0000)
  eden space 10304K,   0% used [0x0000000080000000, 0x0000000080000000, 0x0000000080a10000)
  from space 1280K, 100% used [0x0000000080a10000, 0x0000000080b50000, 0x0000000080b50000)
  to   space 1280K,   0% used [0x0000000080b50000, 0x0000000080b50000, 0x0000000080c90000)
 tenured generation   total 128020K, used 117778K [0x00000000aaaa0000, 0x00000000b27a5000, 0x0000000100000000)
   the space 128020K,  91% used [0x00000000aaaa0000, 0x00000000b1da4918, 0x00000000b1da4a00, 0x00000000b27a5000)
 Metaspace       used 17558K, capacity 18112K, committed 18432K, reserved 1064960K
  class space    used 2005K, capacity 2200K, committed 2304K, reserved 1048576K
}
Event: 6.275 GC heap before
{Heap before GC invocations=14 (full 1):
 def new generation   total 11584K, used 11584K [0x0000000080000000, 0x0000000080c90000, 0x00000000aaaa0000)
  eden space 10304K, 100% used [0x0000000080000000, 0x0000000080a10000, 0x0000000080a10000)
  from space 1280K, 100% used [0x0000000080a10000, 0x0000000080b50000, 0x0000000080b50000)
  to   space 1280K,   0% used [0x0000000080b50000, 0x0000000080b50000, 0x0000000080c90000)
 tenured generation   total 128020K, used 117778K [0x00000000aaaa0000, 0x00000000b27a5000, 0x0000000100000000)
   the space 128020K,  91% used [0x00000000aaaa0000, 0x00000000b1da4918, 0x00000000b1da4a00, 0x00000000b27a5000)
 Metaspace       used 17572K, capacity 18176K, committed 18432K, reserved 1064960K
  class space    used 2005K, capacity 2200K, committed 2304K, reserved 1048576K
}
Event: 6.280 GC heap after
{Heap after GC invocations=15 (full 1):
 def new generation   total 11584K, used 969K [0x0000000080000000, 0x0000000080c90000, 0x00000000aaaa0000)
  eden space 10304K,   0% used [0x0000000080000000, 0x0000000080000000, 0x0000000080a10000)
  from space 1280K,  75% used [0x0000000080b50000, 0x0000000080c425c8, 0x0000000080c90000)
  to   space 1280K,   0% used [0x0000000080a10000, 0x0000000080a10000, 0x0000000080b50000)
 tenured generation   total 128020K, used 119030K [0x00000000aaaa0000, 0x00000000b27a5000, 0x0000000100000000)
   the space 128020K,  92% used [0x00000000aaaa0000, 0x00000000b1edd908, 0x00000000b1edda00, 0x00000000b27a5000)
 Metaspace       used 17572K, capacity 18176K, committed 18432K, reserved 1064960K
  class space    used 2005K, capacity 2200K, committed 2304K, reserved 1048576K
}
Event: 6.363 GC heap before
{Heap before GC invocations=15 (full 1):
 def new generation   total 11584K, used 10201K [0x0000000080000000, 0x0000000080c90000, 0x00000000aaaa0000)
  eden space 10304K,  89% used [0x0000000080000000, 0x0000000080904120, 0x0000000080a10000)
  from space 1280K,  75% used [0x0000000080b50000, 0x0000000080c425c8, 0x0000000080c90000)
  to   space 1280K,   0% used [0x0000000080a10000, 0x0000000080a10000, 0x0000000080b50000)
 tenured generation   total 128020K, used 119030K [0x00000000aaaa0000, 0x00000000b27a5000, 0x0000000100000000)
   the space 128020K,  92% used [0x00000000aaaa0000, 0x00000000b1edd908, 0x00000000b1edda00, 0x00000000b27a5000)
 Metaspace       used 17581K, capacity 18176K, committed 18432K, reserved 1064960K
  class space    used 2005K, capacity 2200K, committed 2304K, reserved 1048576K
}
Event: 6.448 GC heap after
{Heap after GC invocations=16 (full 2):
 def new generation   total 57664K, used 0K [0x0000000080000000, 0x0000000083e90000, 0x00000000aaaa0000)
  eden space 51264K,   0% used [0x0000000080000000, 0x0000000080000000, 0x0000000083210000)
  from space 6400K,   0% used [0x0000000083210000, 0x0000000083210000, 0x0000000083850000)
  to   space 6400K,   0% used [0x0000000083850000, 0x0000000083850000, 0x0000000083e90000)
 tenured generation   total 128020K, used 16199K [0x00000000aaaa0000, 0x00000000b27a5000, 0x0000000100000000)
   the space 128020K,  12% used [0x00000000aaaa0000, 0x00000000aba71c18, 0x00000000aba71e00, 0x00000000b27a5000)
 Metaspace       used 17581K, capacity 18176K, committed 18432K, reserved 1064960K
  class space    used 2005K, capacity 2200K, committed 2304K, reserved 1048576K
}
Event: 7.791 GC heap before
{Heap before GC invocations=16 (full 2):
 def new generation   total 57664K, used 34879K [0x0000000080000000, 0x0000000083e90000, 0x00000000aaaa0000)
  eden space 51264K,  68% used [0x0000000080000000, 0x000000008220ff20, 0x0000000083210000)
  from space 6400K,   0% used [0x0000000083210000, 0x0000000083210000, 0x0000000083850000)
  to   space 6400K,   0% used [0x0000000083850000, 0x0000000083850000, 0x0000000083e90000)
 tenured generation   total 128020K, used 118599K [0x00000000aaaa0000, 0x00000000b27a5000, 0x0000000100000000)
   the space 128020K,  92% used [0x00000000aaaa0000, 0x00000000b1e71c28, 0x00000000b1e71e00, 0x00000000b27a5000)
 Metaspace       used 17673K, capacity 18253K, committed 18688K, reserved 1064960K
  class space    used 2006K, capacity 2202K, committed 2304K, reserved 1048576K
}
Event: 7.898 GC heap after
{Heap after GC invocations=17 (full 3):
 def new generation   total 54464K, used 0K [0x0000000080000000, 0x0000000083b10000, 0x00000000aaaa0000)
  eden space 48448K,   0% used [0x0000000080000000, 0x0000000080000000, 0x0000000082f50000)
  from space 6016K,   0% used [0x0000000082f50000, 0x0000000082f50000, 0x0000000083530000)
  to   space 6016K,   0% used [0x0000000083530000, 0x0000000083530000, 0x0000000083b10000)
 tenured generation   total 120828K, used 16827K [0x00000000aaaa0000, 0x00000000b209f000, 0x0000000100000000)
   the space 120828K,  13% used [0x00000000aaaa0000, 0x00000000abb0eeb8, 0x00000000abb0f000, 0x00000000b209f000)
 Metaspace       used 17673K, capacity 18253K, committed 18688K, reserved 1064960K
  class space    used 2006K, capacity 2202K, committed 2304K, reserved 1048576K
}
Event: 9.029 GC heap before
{Heap before GC invocations=17 (full 3):
 def new generation   total 54464K, used 33127K [0x0000000080000000, 0x0000000083b10000, 0x00000000aaaa0000)
  eden space 48448K,  68% used [0x0000000080000000, 0x0000000082059f00, 0x0000000082f50000)
  from space 6016K,   0% used [0x0000000082f50000, 0x0000000082f50000, 0x0000000083530000)
  to   space 6016K,   0% used [0x0000000083530000, 0x0000000083530000, 0x0000000083b10000)
 tenured generation   total 120828K, used 119227K [0x00000000aaaa0000, 0x00000000b209f000, 0x0000000100000000)
   the space 120828K,  98% used [0x00000000aaaa0000, 0x00000000b1f0eec8, 0x00000000b1f0f000, 0x00000000b209f000)
 Metaspace       used 17851K, capacity 18399K, committed 18688K, reserved 1064960K
  class space    used 2009K, capacity 2205K, committed 2304K, reserved 1048576K
}
Event: 9.082 GC heap after
{Heap after GC invocations=18 (full 4):
 def new generation   total 41536K, used 0K [0x0000000080000000, 0x0000000082d10000, 0x00000000aaaa0000)
  eden space 36928K,   0% used [0x0000000080000000, 0x0000000080000000, 0x0000000082410000)
  from space 4608K,   0% used [0x0000000082410000, 0x0000000082410000, 0x0000000082890000)
  to   space 4608K,   0% used [0x0000000082890000, 0x0000000082890000, 0x0000000082d10000)
 tenured generation   total 92200K, used 14777K [0x00000000aaaa0000, 0x00000000b04aa000, 0x0000000100000000)
   the space 92200K,  16% used [0x00000000aaaa0000, 0x00000000ab90e500, 0x00000000ab90e600, 0x00000000b04aa000)
 Metaspace       used 17851K, capacity 18399K, committed 18688K, reserved 1064960K
  class space    used 2009K, capacity 2205K, committed 2304K, reserved 1048576K
}

Deoptimization events (10 events):
Event: 7.992 Thread 0x000056165d28d800 Uncommon trap: trap_request=0xffffffde fr.pc=0x00007f7b3c5350c0 relative=0x0000000000000280
Event: 7.992 Thread 0x000056165d28d800 Uncommon trap: reason=class_check action=maybe_recompile pc=0x00007f7b3c5350c0 method=java.io.Writer.write(Ljava/lang/String;)V @ 7 c2
Event: 7.992 Thread 0x000056165d28d800 DEOPT PACKING pc=0x00007f7b3c5350c0 sp=0x00007f7b2e6731f0
Event: 7.992 Thread 0x000056165d28d800 DEOPT UNPACKING pc=0x00007f7b3497e3a5 sp=0x00007f7b2e6731b8 mode 2
Event: 8.815 Thread 0x00007f7b4c016000 DEOPT PACKING pc=0x00007f7b3524948f sp=0x00007f7b55507070
Event: 8.815 Thread 0x00007f7b4c016000 DEOPT UNPACKING pc=0x00007f7b3497e1ba sp=0x00007f7b55506560 mode 0
Event: 8.817 Thread 0x00007f7b4c016000 Uncommon trap: trap_request=0xffffffde fr.pc=0x00007f7b3c517514 relative=0x00000000000005d4
Event: 8.817 Thread 0x00007f7b4c016000 Uncommon trap: reason=class_check action=maybe_recompile pc=0x00007f7b3c517514 method=com.sun.org.apache.xerces.internal.dom.CoreDocumentImpl.isKidOK(Lorg/w3c/dom/Node;Lorg/w3c/dom/Node;)Z @ 39 c2
Event: 8.817 Thread 0x00007f7b4c016000 DEOPT PACKING pc=0x00007f7b3c517514 sp=0x00007f7b555072f0
Event: 8.817 Thread 0x00007f7b4c016000 DEOPT UNPACKING pc=0x00007f7b3497e3a5 sp=0x00007f7b55507218 mode 2

Classes redefined (0 events):
No events

Internal exceptions (10 events):
Event: 5.011 Thread 0x00007f7b30258000 Exception <a 'java/lang/InterruptedException'{0x00000000806093a8}: sleep interrupted> (0x00000000806093a8) thrown at [/build/openjdk-lts-7bqZff/openjdk-lts-11.0.4+11/src/hotspot/share/prims/jvm.cpp, line 3110]
Event: 5.015 Thread 0x00007f7b30395000 Exception <a 'java/lang/InterruptedException'{0x000000008080f3b8}> (0x000000008080f3b8) thrown at [/build/openjdk-lts-7bqZff/openjdk-lts-11.0.4+11/src/hotspot/share/runtime/objectMonitor.cpp, line 1635]
Event: 5.015 Thread 0x00007f7b30396000 Exception <a 'java/lang/InterruptedException'{0x00000000808206a0}> (0x00000000808206a0) thrown at [/build/openjdk-lts-7bqZff/openjdk-lts-11.0.4+11/src/hotspot/share/runtime/objectMonitor.cpp, line 1635]
Event: 6.540 Thread 0x00007f7b28021800 Exception <a 'org/apache/hadoop/io/nativeio/NativeIOException'{0x00000000802b35d8}> (0x00000000802b35d8) thrown at [/build/openjdk-lts-7bqZff/openjdk-lts-11.0.4+11/src/hotspot/share/prims/jni.cpp, line 615]
Event: 6.540 Thread 0x00007f7b4c482800 Exception <a 'java/lang/InterruptedException'{0x0000000080209108}: sleep interrupted> (0x0000000080209108) thrown at [/build/openjdk-lts-7bqZff/openjdk-lts-11.0.4+11/src/hotspot/share/prims/jvm.cpp, line 3110]
Event: 6.542 Thread 0x00007f7b4c47f800 Exception <a 'java/lang/InterruptedException'{0x0000000080308c88}> (0x0000000080308c88) thrown at [/build/openjdk-lts-7bqZff/openjdk-lts-11.0.4+11/src/hotspot/share/runtime/objectMonitor.cpp, line 1635]
Event: 6.542 Thread 0x00007f7b4c481000 Exception <a 'java/lang/InterruptedException'{0x000000008035e3b8}> (0x000000008035e3b8) thrown at [/build/openjdk-lts-7bqZff/openjdk-lts-11.0.4+11/src/hotspot/share/runtime/objectMonitor.cpp, line 1635]
Event: 7.984 Thread 0x000056165d2a8800 Exception <a 'java/lang/InterruptedException'{0x0000000080165978}: sleep interrupted> (0x0000000080165978) thrown at [/build/openjdk-lts-7bqZff/openjdk-lts-11.0.4+11/src/hotspot/share/prims/jvm.cpp, line 3110]
Event: 7.985 Thread 0x000056165d2a7000 Exception <a 'java/lang/InterruptedException'{0x00000000801ee738}> (0x00000000801ee738) thrown at [/build/openjdk-lts-7bqZff/openjdk-lts-11.0.4+11/src/hotspot/share/runtime/objectMonitor.cpp, line 1635]
Event: 7.985 Thread 0x000056165d2a7800 Exception <a 'java/lang/InterruptedException'{0x000000008021ee88}> (0x000000008021ee88) thrown at [/build/openjdk-lts-7bqZff/openjdk-lts-11.0.4+11/src/hotspot/share/runtime/objectMonitor.cpp, line 1635]

Events (10 events):
Event: 8.980 Executing VM operation: RevokeBias done
Event: 8.980 Executing VM operation: RevokeBias
Event: 8.980 Executing VM operation: RevokeBias done
Event: 8.980 Executing VM operation: RevokeBias
Event: 8.988 Executing VM operation: RevokeBias done
Event: 8.988 Thread 0x00007f7b4cac7000 Thread added: 0x00007f7b4cac7000
Event: 8.993 Thread 0x000056165d27f000 Thread added: 0x000056165d27f000
Event: 8.996 Executing VM operation: BulkRevokeBias
Event: 9.014 Executing VM operation: BulkRevokeBias done
Event: 9.022 Executing VM operation: GenCollectForAllocation


Dynamic libraries:
80000000-82d10000 rw-p 00000000 00:00 0 
82d10000-aaaa0000 ---p 00000000 00:00 0 
aaaa0000-b04aa000 rw-p 00000000 00:00 0 
b68ab000-100000000 ---p 00000000 00:00 0 
800000000-800002000 rwxp 00001000 08:01 413435                           /usr/lib/jvm/java-11-openjdk-amd64/lib/server/classes.jsa
800002000-8003bd000 rw-p 00003000 08:01 413435                           /usr/lib/jvm/java-11-openjdk-amd64/lib/server/classes.jsa
8003bd000-800a8a000 r--p 003be000 08:01 413435                           /usr/lib/jvm/java-11-openjdk-amd64/lib/server/classes.jsa
800a8a000-800a8b000 rw-p 00a8b000 08:01 413435                           /usr/lib/jvm/java-11-openjdk-amd64/lib/server/classes.jsa
800a8b000-80109d000 r--p 00a8c000 08:01 413435                           /usr/lib/jvm/java-11-openjdk-amd64/lib/server/classes.jsa
840000000-840240000 rw-p 00000000 00:00 0 
840240000-880000000 ---p 00000000 00:00 0 
56165c015000-56165c016000 r-xp 00000000 08:01 1202858                    /usr/lib/jvm/java-11-openjdk-amd64/bin/java
56165c216000-56165c217000 r--p 00001000 08:01 1202858                    /usr/lib/jvm/java-11-openjdk-amd64/bin/java
56165c217000-56165c218000 rw-p 00002000 08:01 1202858                    /usr/lib/jvm/java-11-openjdk-amd64/bin/java
56165d242000-56165d2c7000 rw-p 00000000 00:00 0                          [heap]
7f7b28000000-7f7b28051000 rw-p 00000000 00:00 0 
7f7b28051000-7f7b2c000000 ---p 00000000 00:00 0 
7f7b2dc6b000-7f7b2dc6f000 ---p 00000000 00:00 0 
7f7b2dc6f000-7f7b2dd6c000 rw-p 00000000 00:00 0 
7f7b2dd6c000-7f7b2dd70000 ---p 00000000 00:00 0 
7f7b2dd70000-7f7b2de6d000 rw-p 00000000 00:00 0 
7f7b2de6d000-7f7b2de71000 ---p 00000000 00:00 0 
7f7b2de71000-7f7b2df6e000 rw-p 00000000 00:00 0 
7f7b2df6e000-7f7b2df72000 ---p 00000000 00:00 0 
7f7b2df72000-7f7b2e06f000 rw-p 00000000 00:00 0 
7f7b2e06f000-7f7b2e073000 ---p 00000000 00:00 0 
7f7b2e073000-7f7b2e170000 rw-p 00000000 00:00 0 
7f7b2e170000-7f7b2e174000 ---p 00000000 00:00 0 
7f7b2e174000-7f7b2e271000 rw-p 00000000 00:00 0 
7f7b2e271000-7f7b2e275000 ---p 00000000 00:00 0 
7f7b2e275000-7f7b2e372000 rw-p 00000000 00:00 0 
7f7b2e372000-7f7b2e376000 ---p 00000000 00:00 0 
7f7b2e376000-7f7b2e473000 rw-p 00000000 00:00 0 
7f7b2e473000-7f7b2e477000 ---p 00000000 00:00 0 
7f7b2e477000-7f7b2e574000 rw-p 00000000 00:00 0 
7f7b2e574000-7f7b2e578000 ---p 00000000 00:00 0 
7f7b2e578000-7f7b2e675000 rw-p 00000000 00:00 0 
7f7b2e675000-7f7b2e679000 ---p 00000000 00:00 0 
7f7b2e679000-7f7b2e976000 rw-p 00000000 00:00 0 
7f7b2e976000-7f7b2e97a000 ---p 00000000 00:00 0 
7f7b2e97a000-7f7b2ec77000 rw-p 00000000 00:00 0 
7f7b2ec77000-7f7b2eca1000 r-xp 00000000 08:01 400800                     /usr/lib/jvm/java-11-openjdk-amd64/lib/libsunec.so
7f7b2eca1000-7f7b2eea0000 ---p 0002a000 08:01 400800                     /usr/lib/jvm/java-11-openjdk-amd64/lib/libsunec.so
7f7b2eea0000-7f7b2eea4000 r--p 00029000 08:01 400800                     /usr/lib/jvm/java-11-openjdk-amd64/lib/libsunec.so
7f7b2eea4000-7f7b2eea6000 rw-p 0002d000 08:01 400800                     /usr/lib/jvm/java-11-openjdk-amd64/lib/libsunec.so
7f7b2eea6000-7f7b2eeaa000 ---p 00000000 00:00 0 
7f7b2eeaa000-7f7b2f1a7000 rw-p 00000000 00:00 0 
7f7b2f1a7000-7f7b2f3a7000 rw-p 00000000 00:00 0 
7f7b2f3a7000-7f7b2f3a8000 r-xp 00000000 08:01 400781                     /usr/lib/jvm/java-11-openjdk-amd64/lib/libjaas.so
7f7b2f3a8000-7f7b2f5a7000 ---p 00001000 08:01 400781                     /usr/lib/jvm/java-11-openjdk-amd64/lib/libjaas.so
7f7b2f5a7000-7f7b2f5a8000 r--p 00000000 08:01 400781                     /usr/lib/jvm/java-11-openjdk-amd64/lib/libjaas.so
7f7b2f5a8000-7f7b2f5a9000 rw-p 00001000 08:01 400781                     /usr/lib/jvm/java-11-openjdk-amd64/lib/libjaas.so
7f7b2f5a9000-7f7b2f5cc000 r-xp 00000000 08:01 1203842                    /usr/local/hadoop/lib/native/libhadoop.so.1.0.0
7f7b2f5cc000-7f7b2f7cb000 ---p 00023000 08:01 1203842                    /usr/local/hadoop/lib/native/libhadoop.so.1.0.0
7f7b2f7cb000-7f7b2f7cc000 r--p 00022000 08:01 1203842                    /usr/local/hadoop/lib/native/libhadoop.so.1.0.0
7f7b2f7cc000-7f7b2f7cd000 rw-p 00023000 08:01 1203842                    /usr/local/hadoop/lib/native/libhadoop.so.1.0.0
7f7b2f7cd000-7f7b2f7d2000 r-xp 00000000 08:01 400792                     /usr/lib/jvm/java-11-openjdk-amd64/lib/libmanagement_ext.so
7f7b2f7d2000-7f7b2f9d1000 ---p 00005000 08:01 400792                     /usr/lib/jvm/java-11-openjdk-amd64/lib/libmanagement_ext.so
7f7b2f9d1000-7f7b2f9d2000 r--p 00004000 08:01 400792                     /usr/lib/jvm/java-11-openjdk-amd64/lib/libmanagement_ext.so
7f7b2f9d2000-7f7b2f9d3000 rw-p 00005000 08:01 400792                     /usr/lib/jvm/java-11-openjdk-amd64/lib/libmanagement_ext.so
7f7b2f9d3000-7f7b2f9d7000 r-xp 00000000 08:01 400790                     /usr/lib/jvm/java-11-openjdk-amd64/lib/libmanagement.so
7f7b2f9d7000-7f7b2fbd6000 ---p 00004000 08:01 400790                     /usr/lib/jvm/java-11-openjdk-amd64/lib/libmanagement.so
7f7b2fbd6000-7f7b2fbd7000 r--p 00003000 08:01 400790                     /usr/lib/jvm/java-11-openjdk-amd64/lib/libmanagement.so
7f7b2fbd7000-7f7b2fbd8000 rw-p 00004000 08:01 400790                     /usr/lib/jvm/java-11-openjdk-amd64/lib/libmanagement.so
7f7b2fbd8000-7f7b2fbee000 r-xp 00000000 08:01 400794                     /usr/lib/jvm/java-11-openjdk-amd64/lib/libnet.so
7f7b2fbee000-7f7b2fded000 ---p 00016000 08:01 400794                     /usr/lib/jvm/java-11-openjdk-amd64/lib/libnet.so
7f7b2fded000-7f7b2fdee000 r--p 00015000 08:01 400794                     /usr/lib/jvm/java-11-openjdk-amd64/lib/libnet.so
7f7b2fdee000-7f7b2fdef000 rw-p 00016000 08:01 400794                     /usr/lib/jvm/java-11-openjdk-amd64/lib/libnet.so
7f7b2fdef000-7f7b2fdff000 r-xp 00000000 08:01 400795                     /usr/lib/jvm/java-11-openjdk-amd64/lib/libnio.so
7f7b2fdff000-7f7b2fffe000 ---p 00010000 08:01 400795                     /usr/lib/jvm/java-11-openjdk-amd64/lib/libnio.so
7f7b2fffe000-7f7b2ffff000 r--p 0000f000 08:01 400795                     /usr/lib/jvm/java-11-openjdk-amd64/lib/libnio.so
7f7b2ffff000-7f7b30000000 rw-p 00010000 08:01 400795                     /usr/lib/jvm/java-11-openjdk-amd64/lib/libnio.so
7f7b30000000-7f7b3099b000 rw-p 00000000 00:00 0 
7f7b3099b000-7f7b34000000 ---p 00000000 00:00 0 
7f7b34071000-7f7b34075000 ---p 00000000 00:00 0 
7f7b34075000-7f7b34172000 rw-p 00000000 00:00 0 
7f7b34172000-7f7b34176000 ---p 00000000 00:00 0 
7f7b34176000-7f7b34273000 rw-p 00000000 00:00 0 
7f7b34273000-7f7b34274000 ---p 00000000 00:00 0 
7f7b34274000-7f7b34375000 rw-p 00000000 00:00 0 
7f7b34375000-7f7b34379000 ---p 00000000 00:00 0 
7f7b34379000-7f7b34476000 rw-p 00000000 00:00 0 
7f7b34476000-7f7b3447a000 ---p 00000000 00:00 0 
7f7b3447a000-7f7b34577000 rw-p 00000000 00:00 0 
7f7b34577000-7f7b3457b000 ---p 00000000 00:00 0 
7f7b3457b000-7f7b34678000 rw-p 00000000 00:00 0 
7f7b34678000-7f7b34956000 r--p 00000000 08:01 1048601                    /usr/lib/locale/locale-archive
7f7b34956000-7f7b34bc6000 rwxp 00000000 00:00 0 
7f7b34bc6000-7f7b34ee5000 ---p 00000000 00:00 0 
7f7b34ee5000-7f7b35455000 rwxp 00000000 00:00 0 
7f7b35455000-7f7b3c41d000 ---p 00000000 00:00 0 
7f7b3c41d000-7f7b3c68d000 rwxp 00000000 00:00 0 
7f7b3c68d000-7f7b43956000 ---p 00000000 00:00 0 
7f7b43956000-7f7b4c000000 r--s 00000000 08:01 400804                     /usr/lib/jvm/java-11-openjdk-amd64/lib/modules
7f7b4c000000-7f7b4d4be000 rw-p 00000000 00:00 0 
7f7b4d4be000-7f7b50000000 ---p 00000000 00:00 0 
7f7b50079000-7f7b5007d000 ---p 00000000 00:00 0 
7f7b5007d000-7f7b500cc000 rw-p 00000000 00:00 0 
7f7b500cc000-7f7b500d0000 ---p 00000000 00:00 0 
7f7b500d0000-7f7b501cd000 rw-p 00000000 00:00 0 
7f7b501cd000-7f7b501d1000 ---p 00000000 00:00 0 
7f7b501d1000-7f7b502ce000 rw-p 00000000 00:00 0 
7f7b502ce000-7f7b502d2000 ---p 00000000 00:00 0 
7f7b502d2000-7f7b503cf000 rw-p 00000000 00:00 0 
7f7b503cf000-7f7b503d3000 ---p 00000000 00:00 0 
7f7b503d3000-7f7b504d0000 rw-p 00000000 00:00 0 
7f7b504d0000-7f7b504d1000 ---p 00000000 00:00 0 
7f7b504d1000-7f7b50e53000 rw-p 00000000 00:00 0 
7f7b50e53000-7f7b50e81000 rw-p 00000000 00:00 0 
7f7b50e81000-7f7b510fe000 ---p 00000000 00:00 0 
7f7b510fe000-7f7b51115000 rw-p 00000000 00:00 0 
7f7b51115000-7f7b51253000 ---p 00000000 00:00 0 
7f7b51253000-7f7b51281000 rw-p 00000000 00:00 0 
7f7b51281000-7f7b514fe000 ---p 00000000 00:00 0 
7f7b514fe000-7f7b51504000 rw-p 00000000 00:00 0 
7f7b51504000-7f7b515ea000 ---p 00000000 00:00 0 
7f7b515ea000-7f7b515f5000 rw-p 00000000 00:00 0 
7f7b515f5000-7f7b516d5000 ---p 00000000 00:00 0 
7f7b516d5000-7f7b516da000 r-xp 00000000 08:01 400786                     /usr/lib/jvm/java-11-openjdk-amd64/lib/libjimage.so
7f7b516da000-7f7b518d9000 ---p 00005000 08:01 400786                     /usr/lib/jvm/java-11-openjdk-amd64/lib/libjimage.so
7f7b518d9000-7f7b518da000 r--p 00004000 08:01 400786                     /usr/lib/jvm/java-11-openjdk-amd64/lib/libjimage.so
7f7b518da000-7f7b518db000 rw-p 00005000 08:01 400786                     /usr/lib/jvm/java-11-openjdk-amd64/lib/libjimage.so
7f7b518db000-7f7b518e2000 r-xp 00000000 08:01 400803                     /usr/lib/jvm/java-11-openjdk-amd64/lib/libzip.so
7f7b518e2000-7f7b51ae1000 ---p 00007000 08:01 400803                     /usr/lib/jvm/java-11-openjdk-amd64/lib/libzip.so
7f7b51ae1000-7f7b51ae2000 r--p 00006000 08:01 400803                     /usr/lib/jvm/java-11-openjdk-amd64/lib/libzip.so
7f7b51ae2000-7f7b51ae3000 rw-p 00007000 08:01 400803                     /usr/lib/jvm/java-11-openjdk-amd64/lib/libzip.so
7f7b51ae3000-7f7b51aee000 r-xp 00000000 08:01 262181                     /lib/x86_64-linux-gnu/libnss_files-2.27.so
7f7b51aee000-7f7b51ced000 ---p 0000b000 08:01 262181                     /lib/x86_64-linux-gnu/libnss_files-2.27.so
7f7b51ced000-7f7b51cee000 r--p 0000a000 08:01 262181                     /lib/x86_64-linux-gnu/libnss_files-2.27.so
7f7b51cee000-7f7b51cef000 rw-p 0000b000 08:01 262181                     /lib/x86_64-linux-gnu/libnss_files-2.27.so
7f7b51cef000-7f7b51cf5000 rw-p 00000000 00:00 0 
7f7b51cf5000-7f7b51d0c000 r-xp 00000000 08:01 262178                     /lib/x86_64-linux-gnu/libnsl-2.27.so
7f7b51d0c000-7f7b51f0b000 ---p 00017000 08:01 262178                     /lib/x86_64-linux-gnu/libnsl-2.27.so
7f7b51f0b000-7f7b51f0c000 r--p 00016000 08:01 262178                     /lib/x86_64-linux-gnu/libnsl-2.27.so
7f7b51f0c000-7f7b51f0d000 rw-p 00017000 08:01 262178                     /lib/x86_64-linux-gnu/libnsl-2.27.so
7f7b51f0d000-7f7b51f0f000 rw-p 00000000 00:00 0 
7f7b51f0f000-7f7b51f1a000 r-xp 00000000 08:01 262183                     /lib/x86_64-linux-gnu/libnss_nis-2.27.so
7f7b51f1a000-7f7b52119000 ---p 0000b000 08:01 262183                     /lib/x86_64-linux-gnu/libnss_nis-2.27.so
7f7b52119000-7f7b5211a000 r--p 0000a000 08:01 262183                     /lib/x86_64-linux-gnu/libnss_nis-2.27.so
7f7b5211a000-7f7b5211b000 rw-p 0000b000 08:01 262183                     /lib/x86_64-linux-gnu/libnss_nis-2.27.so
7f7b5211b000-7f7b52123000 r-xp 00000000 08:01 262179                     /lib/x86_64-linux-gnu/libnss_compat-2.27.so
7f7b52123000-7f7b52323000 ---p 00008000 08:01 262179                     /lib/x86_64-linux-gnu/libnss_compat-2.27.so
7f7b52323000-7f7b52324000 r--p 00008000 08:01 262179                     /lib/x86_64-linux-gnu/libnss_compat-2.27.so
7f7b52324000-7f7b52325000 rw-p 00009000 08:01 262179                     /lib/x86_64-linux-gnu/libnss_compat-2.27.so
7f7b52325000-7f7b5234e000 r-xp 00000000 08:01 400782                     /usr/lib/jvm/java-11-openjdk-amd64/lib/libjava.so
7f7b5234e000-7f7b5254d000 ---p 00029000 08:01 400782                     /usr/lib/jvm/java-11-openjdk-amd64/lib/libjava.so
7f7b5254d000-7f7b5254e000 r--p 00028000 08:01 400782                     /usr/lib/jvm/java-11-openjdk-amd64/lib/libjava.so
7f7b5254e000-7f7b52550000 rw-p 00029000 08:01 400782                     /usr/lib/jvm/java-11-openjdk-amd64/lib/libjava.so
7f7b52550000-7f7b5255d000 r-xp 00000000 08:01 400802                     /usr/lib/jvm/java-11-openjdk-amd64/lib/libverify.so
7f7b5255d000-7f7b5275c000 ---p 0000d000 08:01 400802                     /usr/lib/jvm/java-11-openjdk-amd64/lib/libverify.so
7f7b5275c000-7f7b5275e000 r--p 0000c000 08:01 400802                     /usr/lib/jvm/java-11-openjdk-amd64/lib/libverify.so
7f7b5275e000-7f7b5275f000 rw-p 0000e000 08:01 400802                     /usr/lib/jvm/java-11-openjdk-amd64/lib/libverify.so
7f7b5275f000-7f7b52766000 r-xp 00000000 08:01 262188                     /lib/x86_64-linux-gnu/librt-2.27.so
7f7b52766000-7f7b52965000 ---p 00007000 08:01 262188                     /lib/x86_64-linux-gnu/librt-2.27.so
7f7b52965000-7f7b52966000 r--p 00006000 08:01 262188                     /lib/x86_64-linux-gnu/librt-2.27.so
7f7b52966000-7f7b52967000 rw-p 00007000 08:01 262188                     /lib/x86_64-linux-gnu/librt-2.27.so
7f7b52967000-7f7b5297e000 r-xp 00000000 08:01 262161                     /lib/x86_64-linux-gnu/libgcc_s.so.1
7f7b5297e000-7f7b52b7d000 ---p 00017000 08:01 262161                     /lib/x86_64-linux-gnu/libgcc_s.so.1
7f7b52b7d000-7f7b52b7e000 r--p 00016000 08:01 262161                     /lib/x86_64-linux-gnu/libgcc_s.so.1
7f7b52b7e000-7f7b52b7f000 rw-p 00017000 08:01 262161                     /lib/x86_64-linux-gnu/libgcc_s.so.1
7f7b52b7f000-7f7b52d1c000 r-xp 00000000 08:01 262175                     /lib/x86_64-linux-gnu/libm-2.27.so
7f7b52d1c000-7f7b52f1b000 ---p 0019d000 08:01 262175                     /lib/x86_64-linux-gnu/libm-2.27.so
7f7b52f1b000-7f7b52f1c000 r--p 0019c000 08:01 262175                     /lib/x86_64-linux-gnu/libm-2.27.so
7f7b52f1c000-7f7b52f1d000 rw-p 0019d000 08:01 262175                     /lib/x86_64-linux-gnu/libm-2.27.so
7f7b52f1d000-7f7b53096000 r-xp 00000000 08:01 1049227                    /usr/lib/x86_64-linux-gnu/libstdc++.so.6.0.25
7f7b53096000-7f7b53296000 ---p 00179000 08:01 1049227                    /usr/lib/x86_64-linux-gnu/libstdc++.so.6.0.25
7f7b53296000-7f7b532a0000 r--p 00179000 08:01 1049227                    /usr/lib/x86_64-linux-gnu/libstdc++.so.6.0.25
7f7b532a0000-7f7b532a2000 rw-p 00183000 08:01 1049227                    /usr/lib/x86_64-linux-gnu/libstdc++.so.6.0.25
7f7b532a2000-7f7b532a6000 rw-p 00000000 00:00 0 
7f7b532a6000-7f7b54372000 r-xp 00000000 08:01 400809                     /usr/lib/jvm/java-11-openjdk-amd64/lib/server/libjvm.so
7f7b54372000-7f7b54571000 ---p 010cc000 08:01 400809                     /usr/lib/jvm/java-11-openjdk-amd64/lib/server/libjvm.so
7f7b54571000-7f7b5462e000 r--p 010cb000 08:01 400809                     /usr/lib/jvm/java-11-openjdk-amd64/lib/server/libjvm.so
7f7b5462e000-7f7b54667000 rw-p 01188000 08:01 400809                     /usr/lib/jvm/java-11-openjdk-amd64/lib/server/libjvm.so
7f7b54667000-7f7b546bd000 rw-p 00000000 00:00 0 
7f7b546bd000-7f7b546d7000 r-xp 00000000 08:01 262186                     /lib/x86_64-linux-gnu/libpthread-2.27.so
7f7b546d7000-7f7b548d6000 ---p 0001a000 08:01 262186                     /lib/x86_64-linux-gnu/libpthread-2.27.so
7f7b548d6000-7f7b548d7000 r--p 00019000 08:01 262186                     /lib/x86_64-linux-gnu/libpthread-2.27.so
7f7b548d7000-7f7b548d8000 rw-p 0001a000 08:01 262186                     /lib/x86_64-linux-gnu/libpthread-2.27.so
7f7b548d8000-7f7b548dc000 rw-p 00000000 00:00 0 
7f7b548dc000-7f7b548df000 r-xp 00000000 08:01 262174                     /lib/x86_64-linux-gnu/libdl-2.27.so
7f7b548df000-7f7b54ade000 ---p 00003000 08:01 262174                     /lib/x86_64-linux-gnu/libdl-2.27.so
7f7b54ade000-7f7b54adf000 r--p 00002000 08:01 262174                     /lib/x86_64-linux-gnu/libdl-2.27.so
7f7b54adf000-7f7b54ae0000 rw-p 00003000 08:01 262174                     /lib/x86_64-linux-gnu/libdl-2.27.so
7f7b54ae0000-7f7b54afc000 r-xp 00000000 08:01 262314                     /lib/x86_64-linux-gnu/libz.so.1.2.11
7f7b54afc000-7f7b54cfb000 ---p 0001c000 08:01 262314                     /lib/x86_64-linux-gnu/libz.so.1.2.11
7f7b54cfb000-7f7b54cfc000 r--p 0001b000 08:01 262314                     /lib/x86_64-linux-gnu/libz.so.1.2.11
7f7b54cfc000-7f7b54cfd000 rw-p 0001c000 08:01 262314                     /lib/x86_64-linux-gnu/libz.so.1.2.11
7f7b54cfd000-7f7b54ee4000 r-xp 00000000 08:01 262171                     /lib/x86_64-linux-gnu/libc-2.27.so
7f7b54ee4000-7f7b550e4000 ---p 001e7000 08:01 262171                     /lib/x86_64-linux-gnu/libc-2.27.so
7f7b550e4000-7f7b550e8000 r--p 001e7000 08:01 262171                     /lib/x86_64-linux-gnu/libc-2.27.so
7f7b550e8000-7f7b550ea000 rw-p 001eb000 08:01 262171                     /lib/x86_64-linux-gnu/libc-2.27.so
7f7b550ea000-7f7b550ee000 rw-p 00000000 00:00 0 
7f7b550ee000-7f7b550fe000 r-xp 00000000 08:01 400766                     /usr/lib/jvm/java-11-openjdk-amd64/lib/jli/libjli.so
7f7b550fe000-7f7b552fd000 ---p 00010000 08:01 400766                     /usr/lib/jvm/java-11-openjdk-amd64/lib/jli/libjli.so
7f7b552fd000-7f7b552fe000 r--p 0000f000 08:01 400766                     /usr/lib/jvm/java-11-openjdk-amd64/lib/jli/libjli.so
7f7b552fe000-7f7b552ff000 rw-p 00010000 08:01 400766                     /usr/lib/jvm/java-11-openjdk-amd64/lib/jli/libjli.so
7f7b552ff000-7f7b55326000 r-xp 00000000 08:01 262162                     /lib/x86_64-linux-gnu/ld-2.27.so
7f7b55345000-7f7b5540a000 rw-p 00000000 00:00 0 
7f7b5540a000-7f7b5540e000 ---p 00000000 00:00 0 
7f7b5540e000-7f7b5550d000 rw-p 00000000 00:00 0 
7f7b5550e000-7f7b55513000 rw-p 00000000 00:00 0 
7f7b55513000-7f7b5551a000 ---p 00000000 00:00 0 
7f7b5551a000-7f7b55522000 rw-s 00000000 08:01 679239                     /tmp/hsperfdata_nets212/84276
7f7b55522000-7f7b55523000 ---p 00000000 00:00 0 
7f7b55523000-7f7b55524000 r--p 00000000 00:00 0 
7f7b55524000-7f7b55526000 rw-p 00000000 00:00 0 
7f7b55526000-7f7b55527000 r--p 00027000 08:01 262162                     /lib/x86_64-linux-gnu/ld-2.27.so
7f7b55527000-7f7b55528000 rw-p 00028000 08:01 262162                     /lib/x86_64-linux-gnu/ld-2.27.so
7f7b55528000-7f7b55529000 rw-p 00000000 00:00 0 
7fff82b4b000-7fff82b6d000 rw-p 00000000 00:00 0                          [stack]
7fff82b6f000-7fff82b72000 r--p 00000000 00:00 0                          [vvar]
7fff82b72000-7fff82b74000 r-xp 00000000 00:00 0                          [vdso]
ffffffffff600000-ffffffffff601000 r-xp 00000000 00:00 0                  [vsyscall]


VM Arguments:
jvm_args: -Dproc_jar -Djava.net.preferIPv4Stack=true -Dyarn.log.dir=/usr/local/hadoop/logs -Dyarn.log.file=hadoop.log -Dyarn.home.dir=/usr/local/hadoop -Dyarn.root.logger=INFO,console -Djava.library.path=/usr/local/hadoop/lib/native -Dhadoop.log.dir=/usr/local/hadoop/logs -Dhadoop.log.file=hadoop.log -Dhadoop.home.dir=/usr/local/hadoop -Dhadoop.id.str=nets212 -Dhadoop.root.logger=INFO,console -Dhadoop.policy.file=hadoop-policy.xml -Dhadoop.security.logger=INFO,NullAppender -Xmx2048m 
java_command: org.apache.hadoop.util.RunJar Recommender.jar edu.upenn.nets212.hw3.RecommenderDriver composite input.txt out init init2 interm1 interm2 temp1 temp2 diff 1
java_class_path (initial): /usr/local/hadoop/etc/hadoop:/usr/local/hadoop/share/hadoop/common/lib/snappy-java-1.0.5.jar:/usr/local/hadoop/share/hadoop/common/lib/jetty-xml-9.3.24.v20180605.jar:/usr/local/hadoop/share/hadoop/common/lib/commons-text-1.4.jar:/usr/local/hadoop/share/hadoop/common/lib/curator-framework-2.12.0.jar:/usr/local/hadoop/share/hadoop/common/lib/jackson-core-asl-1.9.13.jar:/usr/local/hadoop/share/hadoop/common/lib/gson-2.2.4.jar:/usr/local/hadoop/share/hadoop/common/lib/jackson-mapper-asl-1.9.13.jar:/usr/local/hadoop/share/hadoop/common/lib/jcip-annotations-1.0-1.jar:/usr/local/hadoop/share/hadoop/common/lib/xz-1.0.jar:/usr/local/hadoop/share/hadoop/common/lib/kerb-crypto-1.0.1.jar:/usr/local/hadoop/share/hadoop/common/lib/slf4j-api-1.7.25.jar:/usr/local/hadoop/share/hadoop/common/lib/paranamer-2.3.jar:/usr/local/hadoop/share/hadoop/common/lib/accessors-smart-1.2.jar:/usr/local/hadoop/share/hadoop/common/lib/jetty-io-9.3.24.v20180605.jar:/usr/local/hadoop/share/hadoop/common/lib/htrace-core4-4.1.0-incubating.jar:/usr/local/hadoop/share/hadoop/common/lib/asm-5.0.4.jar:/usr/local/hadoop/share/hadoop/common/lib/re2j-1.1.jar:/usr/local/hadoop/share/hadoop/common/lib/jaxb-impl-2.2.3-1.jar:/usr/local/hadoop/share/hadoop/common/lib/metrics-core-3.2.4.jar:/usr/local/hadoop/share/hadoop/common/lib/jul-to-slf4j-1.7.25.jar:/usr/local/hadoop/share/hadoop/common/lib/commons-io-2.5.jar:/usr/local/hadoop/share/hadoop/common/lib/jetty-servlet-9.3.24.v20180605.jar:/usr/local/hadoop/share/hadoop/common/lib/jetty-webapp-9.3.24.v20180605.jar:/usr/local/hadoop/share/hadoop/common/lib/slf4j-log4j12-1.7.25.jar:/usr/local/hadoop/share/hadoop/common/lib/jetty-util-9.3.24.v20180605.jar:/usr/local/hadoop/share/hadoop/common/lib/commons-configuration2-2.1.1.jar:/usr/local/hadoop/share/hadoop/common/lib/kerby-config-1.0.1.jar:/usr/local/hadoop/share/hadoop/common/lib/jettison-1.1.jar:/usr/local/hadoop/share/hadoop/common/lib/jersey-json-1.19.jar:/usr/local/hadoop/share/ha
Launcher Type: SUN_STANDARD

[Global flags]
     intx CICompilerCount                          = 2                                         {product} {ergonomic}
   size_t InitialHeapSize                          = 33554432                                  {product} {ergonomic}
   size_t MaxHeapSize                              = 2147483648                                {product} {command line}
   size_t MaxNewSize                               = 715784192                                 {product} {ergonomic}
   size_t MinHeapDeltaBytes                        = 196608                                    {product} {ergonomic}
   size_t NewSize                                  = 11141120                                  {product} {ergonomic}
    uintx NonNMethodCodeHeapSize                   = 5824844                                {pd product} {ergonomic}
    uintx NonProfiledCodeHeapSize                  = 122916698                              {pd product} {ergonomic}
   size_t OldSize                                  = 22413312                                  {product} {ergonomic}
    uintx ProfiledCodeHeapSize                     = 122916698                              {pd product} {ergonomic}
    uintx ReservedCodeCacheSize                    = 251658240                              {pd product} {ergonomic}
     bool SegmentedCodeCache                       = true                                      {product} {ergonomic}
     bool UseCompressedClassPointers               = true                                 {lp64_product} {ergonomic}
     bool UseCompressedOops                        = true                                 {lp64_product} {ergonomic}
     bool UseSerialGC                              = true                                      {product} {ergonomic}

Logging:
Log output configuration:
 #0: stdout all=warning uptime,level,tags
 #1: stderr all=off uptime,level,tags

Environment Variables:
JAVA_HOME=/usr/
_JAVA_OPTIONS=-Xmx2048m
CLASSPATH=/usr/local/hadoop/etc/hadoop:/usr/local/hadoop/share/hadoop/common/lib/*:/usr/local/hadoop/share/hadoop/common/*:/usr/local/hadoop/share/hadoop/hdfs:/usr/local/hadoop/share/hadoop/hdfs/lib/*:/usr/local/hadoop/share/hadoop/hdfs/*:/usr/local/hadoop/share/hadoop/mapreduce/lib/*:/usr/local/hadoop/share/hadoop/mapreduce/*:/usr/local/hadoop/share/hadoop/yarn:/usr/local/hadoop/share/hadoop/yarn/lib/*:/usr/local/hadoop/share/hadoop/yarn/*
PATH=/usr/local/sbin:/usr/local/bin:/usr/sbin:/usr/bin:/sbin:/bin:/usr/games:/usr/local/games:/snap/bin:/usr/local/hadoop/bin
SHELL=/bin/bash
DISPLAY=:0.0

Signal Handlers:
SIGSEGV: [libjvm.so+0xde5f50], sa_mask[0]=11111111011111111101111111111110, sa_flags=SA_RESTART|SA_SIGINFO
SIGBUS: [libjvm.so+0xde5f50], sa_mask[0]=11111111011111111101111111111110, sa_flags=SA_RESTART|SA_SIGINFO
SIGFPE: [libjvm.so+0xde5f50], sa_mask[0]=11111111011111111101111111111110, sa_flags=SA_RESTART|SA_SIGINFO
SIGPIPE: [libjvm.so+0xbba5b0], sa_mask[0]=11111111011111111101111111111110, sa_flags=SA_RESTART|SA_SIGINFO
SIGXFSZ: [libjvm.so+0xbba5b0], sa_mask[0]=11111111011111111101111111111110, sa_flags=SA_RESTART|SA_SIGINFO
SIGILL: [libjvm.so+0xde5f50], sa_mask[0]=11111111011111111101111111111110, sa_flags=SA_RESTART|SA_SIGINFO
SIGUSR2: [libjvm.so+0xbba450], sa_mask[0]=00000000000000000000000000000000, sa_flags=SA_RESTART|SA_SIGINFO
SIGHUP: [libjvm.so+0xbba7b0], sa_mask[0]=11111111011111111101111111111110, sa_flags=SA_RESTART|SA_SIGINFO
SIGINT: [libjvm.so+0xbba7b0], sa_mask[0]=11111111011111111101111111111110, sa_flags=SA_RESTART|SA_SIGINFO
SIGTERM: [libjvm.so+0xbba7b0], sa_mask[0]=11111111011111111101111111111110, sa_flags=SA_RESTART|SA_SIGINFO
SIGQUIT: [libjvm.so+0xbba7b0], sa_mask[0]=11111111011111111101111111111110, sa_flags=SA_RESTART|SA_SIGINFO


---------------  S Y S T E M  ---------------

OS:DISTRIB_ID=Ubuntu
DISTRIB_RELEASE=18.04
DISTRIB_CODENAME=bionic
DISTRIB_DESCRIPTION="Ubuntu 18.04.3 LTS"
uname:Linux 4.15.0-58-generic #64-Ubuntu SMP Tue Aug 6 11:12:41 UTC 2019 x86_64
libc:glibc 2.27 NPTL 2.27 
rlimit: STACK 8192k, CORE 0k, NPROC 7706, NOFILE 1048576, AS infinity, DATA infinity, FSIZE infinity
load average:1.07 0.76 0.49

/proc/meminfo:
MemTotal:        2017280 kB
MemFree:           93912 kB
MemAvailable:      52204 kB
Buffers:            2464 kB
Cached:            39400 kB
SwapCached:        19576 kB
Active:          1285820 kB
Inactive:         449932 kB
Active(anon):    1267444 kB
Inactive(anon):   432116 kB
Active(file):      18376 kB
Inactive(file):    17816 kB
Unevictable:          64 kB
Mlocked:              64 kB
SwapTotal:        969960 kB
SwapFree:              4 kB
Dirty:               984 kB
Writeback:             0 kB
AnonPages:       1674960 kB
Mapped:            33440 kB
Shmem:              5636 kB
Slab:              79120 kB
SReclaimable:      30768 kB
SUnreclaim:        48352 kB
KernelStack:       10032 kB
PageTables:        36184 kB
NFS_Unstable:          0 kB
Bounce:                0 kB
WritebackTmp:          0 kB
CommitLimit:     1978600 kB
Committed_AS:    5001052 kB
VmallocTotal:   34359738367 kB
VmallocUsed:           0 kB
VmallocChunk:          0 kB
HardwareCorrupted:     0 kB
AnonHugePages:         0 kB
ShmemHugePages:        0 kB
ShmemPmdMapped:        0 kB
CmaTotal:              0 kB
CmaFree:               0 kB
HugePages_Total:       0
HugePages_Free:        0
HugePages_Rsvd:        0
HugePages_Surp:        0
Hugepagesize:       2048 kB
DirectMap4k:      696192 kB
DirectMap2M:     1400832 kB
DirectMap1G:           0 kB


/proc/sys/kernel/threads-max (system-wide limit on the number of threads):
15413


/proc/sys/vm/max_map_count (maximum number of memory map areas a process may have):
65530


/proc/sys/kernel/pid_max (system-wide limit on number of process identifiers):
131072



container (cgroup) information:
container_type: cgroupv1
cpu_cpuset_cpus: 0
cpu_memory_nodes: 0
active_processor_count: 1
cpu_quota: -1
cpu_period: 100000
cpu_shares: -1
memory_limit_in_bytes: -1
memory_and_swap_limit_in_bytes: -2
memory_soft_limit_in_bytes: -1
memory_usage_in_bytes: 1763258368
memory_max_usage_in_bytes: 1647054848

Steal ticks since vm start: 0
Steal ticks percentage since vm start:  0.000

CPU:total 1 (initial active 1) (1 cores per cpu, 1 threads per core) family 6 model 142 stepping 9, cmov, cx8, fxsr, mmx, sse, sse2, sse3, ssse3, sse4.1, sse4.2, popcnt, avx, avx2, aes, clmul, erms, 3dnowpref, lzcnt, tsc, tscinvbit, bmi1, bmi2, adx, fma
CPU Model and flags from /proc/cpuinfo:
model name	: Intel(R) Core(TM) i5-7267U CPU @ 3.10GHz
flags		: fpu vme de pse tsc msr pae mce cx8 apic sep mtrr pge mca cmov pat pse36 clflush mmx fxsr sse sse2 ss syscall nx pdpe1gb rdtscp lm constant_tsc arch_perfmon nopl xtopology tsc_reliable nonstop_tsc cpuid pni pclmulqdq ssse3 fma cx16 pcid sse4_1 sse4_2 x2apic movbe popcnt tsc_deadline_timer aes xsave avx f16c rdrand hypervisor lahf_lm abm 3dnowprefetch cpuid_fault invpcid_single pti ibrs ibpb stibp fsgsbase tsc_adjust bmi1 avx2 smep bmi2 invpcid mpx rdseed adx smap clflushopt xsaveopt xsavec xsaves arat

Memory: 4k page, physical 2017280k(93912k free), swap 969960k(4k free)

vm_info: OpenJDK 64-Bit Server VM (11.0.4+11-post-Ubuntu-1ubuntu218.04.3) for linux-amd64 JRE (11.0.4+11-post-Ubuntu-1ubuntu218.04.3), built on Jul 18 2019 18:21:46 by "buildd" with gcc 7.4.0

END.
